<?xml version="1.0" encoding="UTF-8"?>
<!-- Generated by org.testng.reporters.JUnitXMLReporter -->
<testsuite hostname="DILIP" ignored="2" name="Default test" tests="1" failures="0" timestamp="19 Jun 2020 07:39:33 GMT" time="34.716" errors="0">
  <testcase name="searchProductOnFlipkartPageCalling" time="33.661" classname="Runner.PriceMonitoringRunner"/>
  <testcase name="searchProductOnAmazonPageCalling" time="0.0" classname="Runner.PriceMonitoringRunner">
    <ignored/>
  </testcase> <!-- searchProductOnAmazonPageCalling -->
  <testcase name="cheapestPriceAvailable" time="0.0" classname="Runner.PriceMonitoringRunner">
    <ignored/>
  </testcase> <!-- cheapestPriceAvailable -->
</testsuite> <!-- Default test -->
