<?xml version="1.0" encoding="UTF-8"?>
<testng-results skipped="0" failed="0" ignored="2" total="3" passed="1">
  <reporter-output>
  </reporter-output>
  <suite name="Default suite" duration-ms="34716" started-at="2020-06-19T07:38:58Z" finished-at="2020-06-19T07:39:33Z">
    <groups>
    </groups>
    <test name="Default test" duration-ms="34716" started-at="2020-06-19T07:38:58Z" finished-at="2020-06-19T07:39:33Z">
      <class name="Runner.PriceMonitoringRunner">
        <test-method status="PASS" signature="searchProductOnFlipkartPageCalling(java.lang.String)[pri:1, instance:Runner.PriceMonitoringRunner@42d80b78]" name="searchProductOnFlipkartPageCalling" duration-ms="33661" started-at="2020-06-19T07:38:59Z" data-provider="inputProdctName" finished-at="2020-06-19T07:39:33Z">
          <params>
            <param index="0">
              <value>
                <![CDATA[Sandisk Pendrive]]>
              </value>
            </param>
          </params>
          <reporter-output>
          </reporter-output>
        </test-method> <!-- searchProductOnFlipkartPageCalling -->
      </class> <!-- Runner.PriceMonitoringRunner -->
    </test> <!-- Default test -->
  </suite> <!-- Default suite -->
</testng-results>
